0 info it worked if it ends with ok
1 verbose cli [ 'D:\\Tools\\NodeJS\\node.exe',
1 verbose cli   'D:\\Tools\\NodeJS\\node_modules\\npm\\bin\\npm-cli.js',
1 verbose cli   'run',
1 verbose cli   'dev' ]
2 info using npm@3.3.12
3 info using node@v5.4.0
4 verbose run-script [ 'predev', 'dev', 'postdev' ]
5 info lifecycle CHSBA@1.0.0~predev: CHSBA@1.0.0
6 silly lifecycle CHSBA@1.0.0~predev: no script for predev, continuing
7 info lifecycle CHSBA@1.0.0~dev: CHSBA@1.0.0
8 verbose lifecycle CHSBA@1.0.0~dev: unsafe-perm in lifecycle true
9 verbose lifecycle CHSBA@1.0.0~dev: PATH: D:\Tools\NodeJS\node_modules\npm\bin\node-gyp-bin;C:\Users\Jason Yeung\Desktop\GitHub\cshba_website\node_modules\.bin;C:\Users\Jason Yeung\bin;C:\Users\Jason Yeung\AppData\Local\GitHub\PortableGit_d76a6a98c9315931ec4927243517bc09e9b731a0\usr\local\bin;C:\Users\Jason Yeung\AppData\Local\GitHub\PortableGit_d76a6a98c9315931ec4927243517bc09e9b731a0\usr\bin;C:\Users\Jason Yeung\AppData\Local\GitHub\PortableGit_d76a6a98c9315931ec4927243517bc09e9b731a0\usr\bin;C:\Users\Jason Yeung\AppData\Local\GitHub\PortableGit_d76a6a98c9315931ec4927243517bc09e9b731a0\cmd;C:\Users\Jason Yeung\AppData\Local\GitHub\PortableGit_d76a6a98c9315931ec4927243517bc09e9b731a0\usr\bin;C:\Users\Jason Yeung\AppData\Local\GitHub\PortableGit_d76a6a98c9315931ec4927243517bc09e9b731a0\usr\share\git-tfs;C:\Users\Jason Yeung\AppData\Local\Apps\2.0\DXYVQNJ9.XC2\GDOZ1Z34.ELQ\gith..tion_317444273a93ac29_0003.0001_cbe40ecbe3e419d4;C:\Users\Jason Yeung\AppData\Local\GitHub\lfs-amd64_1.2.0;C:\ProgramData\Oracle\Java\javapath;C:\Program Files (x86)\NVIDIA Corporation\PhysX\Common;C:\WINDOWS\system32;C:\WINDOWS;C:\WINDOWS\System32\Wbem;C:\WINDOWS\System32\WindowsPowerShell\v1.0;C:\Program Files (x86)\Windows Live\Shared;C:\Program Files (x86)\ATI Technologies\ATI.ACE\Core-Static;D:\Tools\QuickTime\QTSystem;C:\WINDOWS\system32\config\systemprofile\.dnx\bin;C:\Program Files\Microsoft DNX\Dnvm;D:\Tools\NodeJS;D:\Tools\Subversion\bin;D:\Tools\Brackets\command;C:\Program Files (x86)\Git\bin;C:\Program Files (x86)\Git\cmd;C:\Users\Jason Yeung\.dnx\bin;D:\Tools\Ruby22-x64\bin;C:\Users\Jason Yeung\AppData\Roaming\npm;C:\Users\Jason Yeung\AppData\Local\Microsoft\WindowsApps;D:\Tools\Microsoft VS Code\bin;C:\Program Files (x86)\MSBuild\14.0\bin;C:\Program Files (x86)\Microsoft SDKs\Windows\v8.1A\bin\NETFX 4.5.1 Tools\x64;C:\Users\Jason Yeung\AppData\Local\GitHub\PortableGit_d76a6a98c9315931ec4927243517bc09e9b731a0\usr\bin\vendor_perl;C:\Users\Jason Yeung\AppData\Local\GitHub\PortableGit_d76a6a98c9315931ec4927243517bc09e9b731a0\usr\bin\core_perl
10 verbose lifecycle CHSBA@1.0.0~dev: CWD: C:\Users\Jason Yeung\Desktop\GitHub\cshba_website
11 silly lifecycle CHSBA@1.0.0~dev: Args: [ '/d /s /c', 'gulp dev --watch' ]
12 silly lifecycle CHSBA@1.0.0~dev: Returned: code: 1  signal: null
13 info lifecycle CHSBA@1.0.0~dev: Failed to exec dev script
14 verbose stack Error: CHSBA@1.0.0 dev: `gulp dev --watch`
14 verbose stack Exit status 1
14 verbose stack     at EventEmitter.<anonymous> (D:\Tools\NodeJS\node_modules\npm\lib\utils\lifecycle.js:232:16)
14 verbose stack     at emitTwo (events.js:87:13)
14 verbose stack     at EventEmitter.emit (events.js:172:7)
14 verbose stack     at ChildProcess.<anonymous> (D:\Tools\NodeJS\node_modules\npm\lib\utils\spawn.js:24:14)
14 verbose stack     at emitTwo (events.js:87:13)
14 verbose stack     at ChildProcess.emit (events.js:172:7)
14 verbose stack     at maybeClose (internal/child_process.js:821:16)
14 verbose stack     at Process.ChildProcess._handle.onexit (internal/child_process.js:211:5)
15 verbose pkgid CHSBA@1.0.0
16 verbose cwd C:\Users\Jason Yeung\Desktop\GitHub\cshba_website
17 error Windows_NT 10.0.14393
18 error argv "D:\\Tools\\NodeJS\\node.exe" "D:\\Tools\\NodeJS\\node_modules\\npm\\bin\\npm-cli.js" "run" "dev"
19 error node v5.4.0
20 error npm  v3.3.12
21 error code ELIFECYCLE
22 error CHSBA@1.0.0 dev: `gulp dev --watch`
22 error Exit status 1
23 error Failed at the CHSBA@1.0.0 dev script 'gulp dev --watch'.
23 error Make sure you have the latest version of node.js and npm installed.
23 error If you do, this is most likely a problem with the CHSBA package,
23 error not with npm itself.
23 error Tell the author that this fails on your system:
23 error     gulp dev --watch
23 error You can get their info via:
23 error     npm owner ls CHSBA
23 error There is likely additional logging output above.
24 verbose exit [ 1, true ]
